pullToRefershLibraryMy/build/intermediates/manifest_merge_blame_file/debug/manifest-merger-blame-debug-report.txt
1<?xml version="1.0" encoding="utf-8"?>
2<manifest xmlns:android="http://schemas.android.com/apk/res/android"
3    package="com.handmark.pulltorefresh.library"
4    android:versionCode="110"
5    android:versionName="1.1.0" >
6
7    <uses-sdk android:minSdkVersion="19" />
7-->src/main/AndroidManifest.xml
8
9    <application />
9-->src/main/AndroidManifest.xml:7:5-20
10
11</manifest>